<?xml version="1.0" encoding="UTF-8"?>
<testsuite xmlns:xsi="http://www.w3.org/2001/XMLSchema-instance" xsi:noNamespaceSchemaLocation="https://maven.apache.org/surefire/maven-surefire-plugin/xsd/surefire-test-report.xsd" version="3.0.1" name="com.gorky.demo.TestConversorUnidades" time="0.016" tests="5" errors="0" skipped="0" failures="0">
  <properties>
[...]
</properties>
  <testcase name="testMilimetrosAMetros" classname="com.gorky.demo.TestConversorUnidades" time="0.004"/>
  <testcase name="testCAM" classname="com.gorky.demo.TestConversorUnidades" time="0.001"/>
  <testcase name="testMAC" classname="com.gorky.demo.TestConversorUnidades" time="0.002"/>
  <testcase name="testCentimetrosAMilimetros" classname="com.gorky.demo.TestConversorUnidades" time="0.001"/>
  <testcase name="testMetrosAMilimetros" classname="com.gorky.demo.TestConversorUnidades" time="0.001"/>
</testsuite>